01-05 13:22:27 INFO Create Logger: dev
01-05 13:22:27 INFO Initial iTAO ... 
01-05 13:22:27 INFO Setting Basic Variable ... 
01-05 13:22:27 WARN Debug Mode
01-05 13:22:27 INFO Created Environment File
01-05 13:22:27 INFO Page Change: Tab 1 
01-05 13:22:27 INFO First time loading tab 1 ... 
01-05 13:22:28 INFO Checking environment (iTAO) ... Actived
01-05 13:22:28 INFO Installed NGC CLI
01-05 13:22:29 INFO Press OK with the warning message.
01-05 13:22:30 INFO Update combo box: task
01-05 13:22:30 INFO Upd env: "NGC_TASK" -> object_detection
01-05 13:22:31 INFO Update combo box: model
01-05 13:22:31 INFO Upd env: "TASK" -> yolo_v4
01-05 13:22:33 INFO Update combo box: backbone
01-05 13:22:33 INFO Upd env: "BACKBONE" -> resnet
01-05 13:22:33 INFO Upd env: "LOCAL_PROJECT_DIR" -> /home/max/Workspace/itao/tasks
01-05 13:22:33 INFO Upd env: "LOCAL_EXPERIMENT_DIR" -> /home/max/Workspace/itao/tasks/yolo_v4
01-05 13:22:33 INFO Upd env: "USER_EXPERIMENT_DIR" -> /workspace/tao-experiments/yolo_v4
01-05 13:22:33 INFO Upd env: "LOCAL_DATA_DIR" -> /home/max/Workspace/itao/data
01-05 13:22:33 INFO Upd env: "DATA_DOWNLOAD_DIR" -> /workspace/tao-experiments/yolo_v4
01-05 13:22:33 INFO Upd env: [TRAIN][LOCAL_OUTPUT_DIR]=/home/max/Workspace/itao/tasks/yolo_v4/output
01-05 13:22:33 INFO Upd env: [TRAIN][OUTPUT_DIR]=/workspace/tao-experiments/yolo_v4/output
01-05 13:22:33 INFO Upd env: "LOCAL_SPECS_DIR" -> /home/max/Workspace/itao/tasks/yolo_v4/specs
01-05 13:22:33 INFO Upd env: "SPECS_DIR" -> /workspace/tao-experiments/yolo_v4/specs
01-05 13:22:33 INFO Get specification ... 
01-05 13:22:33 INFO Upd env: [TRAIN][LOCAL_SPECS]=/home/max/Workspace/itao/tasks/yolo_v4/specs/yolo_v4_train_kitti_seq_spec.txt
01-05 13:22:33 INFO Upd env: [TRAIN][SPECS]=/workspace/tao-experiments/yolo_v4/specs/yolo_v4_train_kitti_seq_spec.txt
01-05 13:22:33 INFO Get specification ... 
01-05 13:22:33 INFO Upd env: [RETRAIN][LOCAL_SPECS]=/home/max/Workspace/itao/tasks/yolo_v4/specs/yolo_v4_retrain_kitti_seq_spec.txt
01-05 13:22:33 INFO Upd env: [RETRAIN][SPECS]=/workspace/tao-experiments/yolo_v4/specs/yolo_v4_retrain_kitti_seq_spec.txt
01-05 13:22:33 INFO Loading Target Module ... 
01-05 13:22:33 INFO Update combo box: n_layers
01-05 13:22:33 INFO Upd env: "NLAYER" -> 10
01-05 13:22:34 INFO Start to download model ... 
01-05 13:22:34 INFO Upd env: [TRAIN][LOCAL_PRETRAINED_MODEL]=/home/max/Workspace/itao/tasks/yolo_v4/pretrained_resnet10/pretrained_object_detection_vresnet10/resnet_10.hdf5
01-05 13:22:34 INFO Pre-trained Model is downloaded. (/home/max/Workspace/itao/tasks/yolo_v4/pretrained_resnet10/pretrained_object_detection_vresnet10/resnet_10.hdf5)
01-05 13:22:36 INFO Upd env: "LOCAL_DATASET" -> /home/max/Workspace/itao/tasks/data/usb_dets
01-05 13:22:36 INFO Upd env: "DATASET" -> /workspace/tao-experiments/data/usb_dets
01-05 13:22:36 INFO Update environ of mount file ... 
01-05 13:22:36 INFO Creating json file for mount path into docker ... 
01-05 13:22:36 INFO Calculating number of labels ...
01-05 13:22:36 INFO Find 1 classes (0.06s)
01-05 13:22:36 DEBU --------------------
01-05 13:22:36 DEBU [0] usb
01-05 13:22:36 DEBU [078]       key: "usb"     ->       key: "usb"
   
01-05 13:22:36 DEBU [079]       value: "usb"   ->       value: "usb"
 
01-05 13:22:36 DEBU Done
01-05 13:22:36 INFO Selected Folder: /home/max/Workspace/itao/tasks/data/usb_dets
01-05 13:22:36 INFO Page Change: Tab 2 
01-05 13:22:36 INFO First time loading tab 2 ... 
01-05 13:22:40 INFO Updating self.train_conf ... 
01-05 13:22:40 INFO Upd env: [TRAIN][KEY]=nvidia_tlt
01-05 13:22:40 INFO Upd env: [TRAIN][EPOCH]=20
01-05 13:22:40 INFO Upd env: [TRAIN][INPUT_SHAPE]=3,224,224
01-05 13:22:40 INFO Upd env: [TRAIN][LR]=0.006
01-05 13:22:40 INFO Upd env: [TRAIN][BATCH_SIZE]=16
01-05 13:22:40 INFO Upd env: [TRAIN][CUSTOM]=
01-05 13:22:40 DEBU Get shape: 3, 224, 224
01-05 13:22:40 INFO Upd env: [TRAIN][LOCAL_OUTPUT_MODEL]=/home/max/Workspace/itao/tasks/yolo_v4/output/weights/yolov4_resnet10_epoch_020.tlt
01-05 13:22:40 INFO Upd env: [TRAIN][OUTPUT_MODEL]=/workspace/tao-experiments/yolo_v4/output/weights/yolov4_resnet10_epoch_020.tlt
01-05 13:22:40 INFO Calculate kmeans for yolo ...
01-05 13:22:40 INFO Start training ... 
01-05 13:22:40 WARN Using GPU (index:0)
01-05 13:22:40 INFO ----------------
01-05 13:22:40 INFO ['tao', 'yolo_v4', 'train', '-e', '/workspace/tao-experiments/yolo_v4/specs/yolo_v4_train_kitti_seq_spec.txt', '-r', '/workspace/tao-experiments/yolo_v4/output', '-k', 'nvidia_tlt', '--gpus', '1', '--gpu_index', '0']
01-05 13:22:40 INFO ----------------
01-05 13:22:40 INFO Training Model ... Finished !
01-05 13:22:40 INFO Start to evaluate model ... 
01-05 13:22:40 INFO ----------------
01-05 13:22:40 INFO ['tao', 'yolo_v4', 'evaluate', '-e', '/workspace/tao-experiments/yolo_v4/specs/yolo_v4_train_kitti_seq_spec.txt', '-k', 'nvidia_tlt', '-m', '/workspace/tao-experiments/yolo_v4/output/weights/yolov4_resnet10_epoch_020.tlt', '--gpus', '1', '--gpu_index', '0']
01-05 13:22:40 INFO ----------------
01-05 13:22:40 INFO Evaluating Model ... Done !

01-05 13:22:42 INFO Page Change: Tab 3 
01-05 13:22:42 INFO First time loading tab 3 ... 
01-05 13:22:42 INFO Define retrain specification ... 
01-05 13:22:43 INFO Pruning model ... 
01-05 13:22:43 INFO Updating PRUNE_CONF ... 
01-05 13:22:43 INFO Upd env: [PRUNE][OUTPUT_MODEL]=/workspace/tao-experiments/yolo_v4/output/resnet10_pruned/resnet10_pruned.tlt
01-05 13:22:43 INFO Upd env: [PRUNE][LOCAL_OUTPUT_MODEL]=/home/max/Workspace/itao/tasks/yolo_v4/output/resnet10_pruned/resnet10_pruned.tlt
01-05 13:22:43 INFO Upd env: [PRUNE][INPUT_MODEL]=/workspace/tao-experiments/yolo_v4/output/weights/yolov4_resnet10_epoch_020.tlt
01-05 13:22:43 INFO Upd env: [PRUNE][KEY]=nvidia_tlt
01-05 13:22:43 INFO Upd env: [PRUNE][THRES]=0.3
01-05 13:22:43 INFO Upd env: [PRUNE][EQ]=intersection
01-05 13:22:43 INFO ----------------
01-05 13:22:43 INFO ['tao', 'yolo_v4', 'prune', '-m', '/workspace/tao-experiments/yolo_v4/output/weights/yolov4_resnet10_epoch_020.tlt', '-e', '/workspace/tao-experiments/yolo_v4/specs/yolo_v4_train_kitti_seq_spec.txt', '-o', '/workspace/tao-experiments/yolo_v4/output/resnet10_pruned/resnet10_pruned.tlt', '-eq', 'intersection', '-pth', '0.3', '-k', 'nvidia_tlt', '--gpu_index', '0']
01-05 13:22:43 INFO ----------------
01-05 13:22:43 INFO Comparing Model ... 
01-05 13:22:44 INFO Upd env: [PRUNE][EPOCH]=2
01-05 13:22:45 INFO Upd env: [PRUNE][EPOCH]=20
01-05 13:22:46 INFO Updating self.retrain_conf ... 
01-05 13:22:46 INFO Upd env: [RETRAIN][INPUT_MODEL]=/workspace/tao-experiments/yolo_v4/output/resnet10_pruned/resnet10_pruned.tlt
01-05 13:22:46 INFO Upd env: [RETRAIN][EPOCH]=20
01-05 13:22:46 INFO Upd env: [RETRAIN][BATCH_SIZE]=16
01-05 13:22:46 INFO Upd env: [RETRAIN][LR]=0.006
01-05 13:22:46 INFO Upd env: [PRUNE][EPOCH]=20
01-05 13:22:46 INFO Upd env: [RETRAIN][OUTPUT_DIR]=/workspace/tao-experiments/yolo_v4/output_retrain
01-05 13:22:46 INFO Upd env: [RETRAIN][OUTPUT_MODEL]=/workspace/tao-experiments/yolo_v4/output_retrain/weights/yolov4_resnet10_epoch_020.tlt
01-05 13:22:46 INFO Calculating number of labels ...
01-05 13:22:46 INFO Find 1 classes (0.06s)
01-05 13:22:46 DEBU --------------------
01-05 13:22:46 DEBU [0] usb
01-05 13:22:46 DEBU [078]       key: "usb"     ->       key: "usb"
   
01-05 13:22:46 DEBU [079]       value: "usb"   ->       value: "usb"
 
01-05 13:22:46 DEBU Done
01-05 13:22:46 INFO Start retraining ... 
01-05 13:22:46 WARN Using GPU (index:0)
01-05 13:22:46 INFO ----------------
01-05 13:22:46 INFO ['tao', 'yolo_v4', 'train', '-e', '/workspace/tao-experiments/yolo_v4/specs/yolo_v4_retrain_kitti_seq_spec.txt', '-r', '/workspace/tao-experiments/yolo_v4/output_retrain', '-k', 'nvidia_tlt', '--gpus', '1', '--gpu_index', '0']
01-05 13:22:46 INFO ----------------
01-05 13:22:46 INFO Re-Train Model ... Done !

01-05 13:22:47 INFO Page Change: Tab 4 
01-05 13:22:50 INFO Upd env: [INFER][LOCAL_INPUT_DATA]=/home/max/Workspace/itao/tasks/data/usb_dets/testing_data
01-05 13:22:50 INFO Upd env: [INFER][INPUT_DATA]=/workspace/tao-experiments/data/usb_dets/testing_data
01-05 13:22:50 INFO Selected Folder: /home/max/Workspace/itao/tasks/data/usb_dets/testing_data
01-05 13:22:50 INFO Do Inference ... 
01-05 13:22:50 INFO Upd env: [INFER][SPECS]=/workspace/tao-experiments/yolo_v4/specs/yolo_v4_retrain_kitti_seq_spec.txt
01-05 13:22:50 INFO Upd env: [INFER][INPUT_MODEL]=/workspace/tao-experiments/yolo_v4/output_retrain/weights/yolov4_resnet10_epoch_020.tlt
01-05 13:22:50 INFO Upd env: [INFER][BATCH_SIZE]=16
01-05 13:22:50 INFO Upd env: [INFER][LOCAL_RESULTS_DIR]=/home/max/Workspace/itao/tasks/results
01-05 13:22:50 INFO Upd env: [INFER][LOCAL_RES_IMG_DIR]=/home/max/Workspace/itao/tasks/results/yolo_v4/images
01-05 13:22:50 INFO Upd env: [INFER][LOCAL_RES_LBL_DIR]=/home/max/Workspace/itao/tasks/results/yolo_v4/labels
01-05 13:22:50 INFO Upd env: [INFER][RES_IMG_DIR]=/workspace/tao-experiments/results/yolo_v4/images
01-05 13:22:50 INFO Upd env: [INFER][RES_LBL_DIR]=/workspace/tao-experiments/results/yolo_v4/labels
01-05 13:22:50 INFO ----------------
01-05 13:22:50 INFO ['tao', 'yolo_v4', 'inference', '-e', '/workspace/tao-experiments/yolo_v4/specs/yolo_v4_retrain_kitti_seq_spec.txt', '-k', 'nvidia_tlt', '-m', '/workspace/tao-experiments/yolo_v4/output_retrain/weights/yolov4_resnet10_epoch_020.tlt', '-i', '/workspace/tao-experiments/data/usb_dets/testing_data', '-o', '/workspace/tao-experiments/results/yolo_v4/images', '-l', '/workspace/tao-experiments/results/yolo_v4/labels', '--gpus', '1', '--gpu_index', '0']
01-05 13:22:50 INFO ----------------
01-05 13:22:50 INFO Inference ... Done ! 

